bms-flutter-app/build/app/outputs/mapping/release/seeds.txt
com.example.final_hackathon.MainActivity: MainActivity()
com.example.final_hackathon.MainActivity
...
androidx.lifecycle.Lifecycle$Event: androidx.lifecycle.Lifecycle$Event ON_DESTROY
io.flutter.embedding.android.FlutterImageView: io.flutter.embedding.engine.renderer.FlutterRenderer getAttachedRenderer()
io.flutter.embedding.engine.systemchannels.PlatformChannel$Brightness: io.flutter.embedding.engine.systemchannels.PlatformChannel$Brightness[] values()
io.flutter.plugin.platform.SingleViewPresentation: SingleViewPresentation(android.content.Context,android.view.Display,io.flutter.plugin.platform.PlatformViewFactory,io.flutter.plugin.platform.AccessibilityEventsDelegate,int,java.lang.Object,android.view.View$OnFocusChangeListener)
io.flutter.embedding.engine.FlutterJNI: void nativeDispatchSemanticsAction(long,int,int,java.nio.ByteBuffer,int)
android.support.v4.media.session.MediaSessionCompat$QueueItem: android.os.Parcelable$Creator CREATOR
io.flutter.embedding.engine.FlutterJNI: void nativeRegisterTexture(long,long,io.flutter.embedding.engine.renderer.SurfaceTextureWrapper)
io.flutter.embedding.engine.FlutterJNI: void nativeDispatchEmptyPlatformMessage(long,java.lang.String,int)
io.flutter.plugin.editing.ImeSyncDeferringInsetsCallback$AnimationCallback: android.view.WindowInsets onProgress(android.view.WindowInsets,java.util.List)
io.flutter.embedding.engine.mutatorsstack.FlutterMutatorView
io.flutter.plugin.platform.SingleViewPresentation: io.flutter.plugin.platform.SingleViewPresentation$PresentationState detachState()
io.flutter.embedding.android.FlutterActivityLaunchConfigs$BackgroundMode: io.flutter.embedding.android.FlutterActivityLaunchConfigs$BackgroundMode valueOf(java.lang.String)
io.flutter.embedding.engine.FlutterJNI: void dispatchPointerDataPacket(java.nio.ByteBuffer,int)
io.flutter.plugin.editing.ImeSyncDeferringInsetsCallback: int access$100(io.flutter.plugin.editing.ImeSyncDeferringInsetsCallback)
androidx.lifecycle.Lifecycle$Event: androidx.lifecycle.Lifecycle$Event ON_RESUME
io.flutter.embedding.android.FlutterView: io.flutter.embedding.engine.FlutterEngine getAttachedFlutterEngine()
io.flutter.embedding.engine.systemchannels.PlatformChannel$SoundType: io.flutter.embedding.engine.systemchannels.PlatformChannel$SoundType[] values()
io.flutter.view.FlutterCallbackInformation: java.lang.String callbackClassName
io.flutter.plugins.camera.types.FlashMode: io.flutter.plugins.camera.types.FlashMode[] values()
io.flutter.view.FlutterCallbackInformation: java.lang.String callbackLibraryPath
io.flutter.view.AccessibilityViewEmbedder: android.view.View rootAccessibilityView
androidx.lifecycle.ReflectiveGenericLifecycleObserver
androidx.core.app.CoreComponentFactory
io.flutter.embedding.engine.FlutterJNI: void invokePlatformMessageResponseCallback(int,java.nio.ByteBuffer,int)
androidx.core.app.RemoteActionCompatParcelizer: RemoteActionCompatParcelizer()
io.flutter.embedding.engine.FlutterJNI: void nativeDispatchPointerDataPacket(long,java.nio.ByteBuffer,int)
io.flutter.plugins.camera.types.FocusMode: io.flutter.plugins.camera.types.FocusMode[] values()
io.flutter.view.AccessibilityViewEmbedder: android.view.View platformViewOfNode(int)
io.flutter.view.AccessibilityViewEmbedder: java.lang.Integer getRecordFlutterId(android.view.View,android.view.accessibility.AccessibilityRecord)
android.support.v4.media.RatingCompat: android.os.Parcelable$Creator CREATOR
io.flutter.embedding.engine.FlutterJNI: void setPlatformMessageHandler(io.flutter.embedding.engine.dart.PlatformMessageHandler)
io.flutter.embedding.engine.FlutterJNI: android.graphics.Bitmap getBitmap()
io.flutter.embedding.engine.FlutterJNI: void nativeInit(android.content.Context,java.lang.String[],java.lang.String,java.lang.String,java.lang.String,long)
io.flutter.embedding.engine.FlutterJNI: void onBeginFrame()
io.flutter.embedding.engine.FlutterOverlaySurface: android.view.Surface surface
io.flutter.plugin.editing.ImeSyncDeferringInsetsCallback: android.view.View access$602(io.flutter.plugin.editing.ImeSyncDeferringInsetsCallback,android.view.View)