bms-flutter-app/build/app/outputs/mapping/release/mapping.txt
# compiler: R8
# compiler_version: 2.1.62
# min_api: 21
# pg_map_id: 9b557ce
# common_typos_disable
...
io.flutter.plugins.camera.-$$Lambda$Vf2JLpSWIioZM6xM0Zq7C88SFaA -> io.flutter.plugins.a.s:
    io.flutter.embedding.engine.plugins.activity.ActivityPluginBinding f$0 -> a
    void addListener(io.flutter.plugin.common.PluginRegistry$RequestPermissionsResultListener) -> a
io.flutter.plugins.camera.Camera -> io.flutter.plugins.a.t:
    java.lang.String cameraName -> f
    android.hardware.camera2.CameraCharacteristics cameraCharacteristics -> n
    java.util.HashMap supportedImageFormats -> H
    boolean enableAudio -> i
    long preCaptureStartTime -> F
    io.flutter.plugins.camera.types.FlashMode flashMode -> w
    boolean recordingVideo -> u
    android.hardware.camera2.CameraDevice cameraDevice -> o
    android.hardware.camera2.CameraManager cameraManager -> b
    android.media.MediaRecorder mediaRecorder -> t
    java.io.File videoRecordingFile -> v
    android.util.Range fpsRange -> D
    io.flutter.plugins.camera.DartMessenger dartMessenger -> l
    io.flutter.plugins.camera.types.ExposureMode exposureMode -> x
    android.util.Size previewSize -> h
    io.flutter.plugins.camera.CameraZoom cameraZoom -> m
    io.flutter.plugins.camera.types.FocusMode focusMode -> y
    android.media.ImageReader imageStreamReader -> r
    io.flutter.embedding.engine.systemchannels.PlatformChannel$DeviceOrientation lockedCaptureOrientation -> E
    boolean useAutoFocus -> C
    boolean isFrontFacing -> d
    io.flutter.plugins.camera.PictureCaptureRequest pictureCaptureRequest -> z
    android.hardware.camera2.CameraCaptureSession cameraCaptureSession -> p
    android.media.CamcorderProfile recordingProfile -> k
    io.flutter.plugins.camera.CameraRegions cameraRegions -> A
    int sensorOrientation -> e
io.flutter.plugins.camera.Camera$1 -> io.flutter.plugins.a.t$a:
    io.flutter.plugins.camera.Camera this$0 -> a
io.flutter.plugins.camera.Camera$2 -> io.flutter.plugins.a.t$b:
    io.flutter.plugins.camera.Camera this$0 -> b
    java.lang.Runnable val$onSuccessCallback -> a
    void lambda$onConfigured$0(java.lang.String,java.lang.String) -> a
    void lambda$onConfigured$0$Camera$2(java.lang.String,java.lang.String) -> b
io.flutter.plugins.camera.Camera$3 -> io.flutter.plugins.a.t$c:
    io.flutter.plugins.camera.Camera this$0 -> a
    void processCapture(android.hardware.camera2.CaptureResult) -> a
io.flutter.plugins.camera.Camera$4 -> io.flutter.plugins.a.t$d:
    io.flutter.plugins.camera.Camera this$0 -> a
io.flutter.plugins.camera.Camera$5 -> io.flutter.plugins.a.t$e:
    io.flutter.plugins.camera.types.FlashMode val$mode -> b
    boolean isFinished -> a
    io.flutter.plugins.camera.Camera this$0 -> d
    io.flutter.plugin.common.MethodChannel$Result val$result -> c
    void lambda$onCaptureCompleted$0(io.flutter.plugin.common.MethodChannel$Result) -> a
    void lambda$onCaptureCompleted$0$Camera$5(io.flutter.plugin.common.MethodChannel$Result) -> b
    void lambda$onCaptureCompleted$1(io.flutter.plugin.common.MethodChannel$Result,java.lang.String,java.lang.String) -> c
io.flutter.plugins.camera.Camera$6 -> io.flutter.plugins.a.t$f:
    io.flutter.plugins.camera.Camera this$0 -> a
io.flutter.plugins.camera.Camera$7 -> io.flutter.plugins.a.t$g:
    io.flutter.plugins.camera.Camera this$0 -> a
    void onCancel(java.lang.Object) -> a
    void onListen(java.lang.Object,io.flutter.plugin.common.EventChannel$EventSink) -> b
io.flutter.plugins.camera.Camera$8 -> io.flutter.plugins.a.t$h:
    int[] $SwitchMap$io$flutter$plugins$camera$types$FlashMode -> b
    int[] $SwitchMap$io$flutter$plugins$camera$types$FocusMode -> c
    int[] $SwitchMap$io$flutter$plugins$camera$types$ExposureMode -> d
    int[] $SwitchMap$io$flutter$plugins$camera$PictureCaptureRequest$State -> a