bms-flutter-app/build/app/outputs/mapping/release/usage.txt
com.example.final_hackathon.R$color
com.example.final_hackathon.R$styleable
com.example.final_hackathon.R
com.example.final_hackathon.R$drawable
com.example.final_hackathon.R$attr
com.example.final_hackathon.R$string
com.example.final_hackathon.R$integer
com.example.final_hackathon.R$dimen
com.example.final_hackathon.R$layout
com.example.final_hackathon.R$id
com.example.final_hackathon.BuildConfig
com.example.final_hackathon.R$mipmap
com.example.final_hackathon.R$style
...
kotlin.coroutines.experimental.intrinsics.IntrinsicsKt__IntrinsicsJvmKt
kotlin.sequences.SequencesKt___SequencesKt$minus$1
kotlin.experimental.BitwiseOperationsKt
androidx.media.MediaBrowserServiceCompatApi26
android.support.v4.media.session.MediaSessionCompatApi22
io.flutter.embedding.android.FlutterActivityAndFragmentDelegate:
    void onLowMemory()
    private static final java.lang.String TAG
    private static final java.lang.String FRAMEWORK_RESTORATION_BUNDLE_KEY
    private static final java.lang.String PLUGINS_RESTORATION_BUNDLE_KEY
androidx.core.app.ActivityRecreator$3
kotlin.internal.UProgressionUtilKt
android.support.v4.media.session.ParcelableVolumeInfo:
    public void <init>(int,int,int,int,int)
io.flutter.util.PathUtils:
    public void <init>()
kotlin.UninitializedPropertyAccessException
kotlin.text.StringsKt__IndentKt$getIndentFunction$2
android.support.v4.media.MediaBrowserCompat
kotlin.reflect.KProperty0
io.flutter.embedding.engine.plugins.activity.ActivityPluginBinding:
    public abstract java.lang.Object getLifecycle()
    public abstract void removeRequestPermissionsResultListener(io.flutter.plugin.common.PluginRegistry$RequestPermissionsResultListener)
    public abstract void removeActivityResultListener(io.flutter.plugin.common.PluginRegistry$ActivityResultListener)
    public abstract void removeOnNewIntentListener(io.flutter.plugin.common.PluginRegistry$NewIntentListener)
    public abstract void removeOnUserLeaveHintListener(io.flutter.plugin.common.PluginRegistry$UserLeaveHintListener)
    public abstract void addOnSaveStateListener(io.flutter.embedding.engine.plugins.activity.ActivityPluginBinding$OnSaveInstanceStateListener)
    public abstract void removeOnSaveStateListener(io.flutter.embedding.engine.plugins.activity.ActivityPluginBinding$OnSaveInstanceStateListener)
androidx.swiperefreshlayout.widget.SwipeRefreshLayout
kotlin.sequences.SequencesKt___SequencesKt$sortedWith$1
sq.flutter.tflite.R
kotlin.ExperimentalMultiplatform
androidx.fragment.app.FragmentTransitionCompat21$4
kotlin.collections.unsigned.UArraysKt___UArraysJvmKt$asList$1
androidx.core.app.NotificationCompat$MessagingStyle$Message
kotlin.comparisons.ComparisonsKt__ComparisonsKt
kotlin.PublishedApi
androidx.loader.content.ModernAsyncTask$1
androidx.core.widget.TextViewCompat$AutoSizeTextType
androidx.annotation.NavigationRes
android.support.v4.media.session.MediaSessionCompat$Callback$StubApi24
androidx.media.MediaBrowserServiceCompat
androidx.core.view.accessibility.AccessibilityNodeInfoCompat
androidx.savedstate.SavedStateRegistry$1:
    void <init>(androidx.savedstate.SavedStateRegistry)
kotlin.time.ClockKt
io.flutter.app.FlutterPluginRegistry$FlutterRegistrar
kotlin.text.DelimitedRangesSequence$iterator$1
kotlin.collections.BooleanIterator
kotlin.UseExperimental
androidx.media.MediaBrowserServiceCompat$ServiceBinderImpl$5
androidx.core.internal.view.SupportMenu
kotlin.coroutines.jvm.internal.ModuleNameRetriever
io.flutter.plugin.editing.InputConnectionAdaptor:
    private boolean isSamsung()
    private static int clampIndexToEditable(int,android.text.Editable)
    private static final java.lang.String TAG
kotlin.io.ConsoleKt$decoder$2
androidx.core.view.WindowInsetsCompat
kotlin.Pair
kotlin.ExtensionFunctionType
androidx.core.view.LayoutInflaterFactory
androidx.core.text.TextDirectionHeuristicsCompat$TextDirectionAlgorithm
io.flutter.FlutterInjector$Builder:
    public io.flutter.FlutterInjector$Builder setFlutterLoader(io.flutter.embedding.engine.loader.FlutterLoader)
    public io.flutter.FlutterInjector$Builder setDeferredComponentManager(io.flutter.embedding.engine.deferredcomponents.DeferredComponentManager)
androidx.fragment.app.Fragment$InstantiationException
kotlin.sequences.FlatteningSequence$iterator$1
android.support.v4.media.session.MediaControllerCompat
kotlin.collections.ArraysKt___ArraysJvmKt$asList$3
io.flutter.plugin.platform.PlatformViewsController:
    private static final java.lang.String TAG